{"C:\\Coding\\MistyChat\\src\\App.jsx": {"path":"C:\\Coding\\MistyChat\\src\\App.jsx","all":false,"statementMap":{"0":{"start":{"line":1,"column":0},"end":{"line":1,"column":39}},"1":{"start":{"line":2,"column":0},"end":{"line":2,"column":50}},"2":{"start":{"line":3,"column":0},"end":{"line":3,"column":54}},"3":{"start":{"line":4,"column":0},"end":{"line":4,"column":41}},"4":{"start":{"line":5,"column":0},"end":{"line":5,"column":35}},"5":{"start":{"line":6,"column":0},"end":{"line":6,"column":52}},"7":{"start":{"line":8,"column":0},"end":{"line":8,"column":16}},"8":{"start":{"line":9,"column":0},"end":{"line":9,"column":65}},"10":{"start":{"line":11,"column":0},"end":{"line":11,"column":40}},"13":{"start":{"line":14,"column":0},"end":{"line":14,"column":21}},"14":{"start":{"line":15,"column":0},"end":{"line":15,"column":63}},"15":{"start":{"line":16,"column":0},"end":{"line":16,"column":23}},"17":{"start":{"line":18,"column":0},"end":{"line":18,"column":40}},"18":{"start":{"line":19,"column":0},"end":{"line":19,"column":32}},"19":{"start":{"line":20,"column":0},"end":{"line":20,"column":55}},"20":{"start":{"line":21,"column":0},"end":{"line":21,"column":20}},"22":{"start":{"line":23,"column":0},"end":{"line":23,"column":41}},"23":{"start":{"line":24,"column":0},"end":{"line":24,"column":28}},"24":{"start":{"line":25,"column":0},"end":{"line":25,"column":13}},"25":{"start":{"line":26,"column":0},"end":{"line":26,"column":10}},"28":{"start":{"line":29,"column":0},"end":{"line":29,"column":34}},"29":{"start":{"line":30,"column":0},"end":{"line":30,"column":10}},"31":{"start":{"line":32,"column":0},"end":{"line":32,"column":32}},"32":{"start":{"line":33,"column":0},"end":{"line":33,"column":13}},"33":{"start":{"line":34,"column":0},"end":{"line":34,"column":31}},"34":{"start":{"line":35,"column":0},"end":{"line":35,"column":55}},"35":{"start":{"line":36,"column":0},"end":{"line":36,"column":52}},"36":{"start":{"line":37,"column":0},"end":{"line":37,"column":37}},"37":{"start":{"line":38,"column":0},"end":{"line":38,"column":48}},"38":{"start":{"line":39,"column":0},"end":{"line":39,"column":25}},"39":{"start":{"line":40,"column":0},"end":{"line":40,"column":55}},"40":{"start":{"line":41,"column":0},"end":{"line":41,"column":9}},"41":{"start":{"line":42,"column":0},"end":{"line":42,"column":5}},"43":{"start":{"line":44,"column":0},"end":{"line":44,"column":12}},"44":{"start":{"line":45,"column":0},"end":{"line":45,"column":13}},"45":{"start":{"line":46,"column":0},"end":{"line":46,"column":45}},"46":{"start":{"line":47,"column":0},"end":{"line":47,"column":32}},"48":{"start":{"line":49,"column":0},"end":{"line":49,"column":54}},"51":{"start":{"line":52,"column":0},"end":{"line":52,"column":53}},"53":{"start":{"line":54,"column":0},"end":{"line":54,"column":14}},"55":{"start":{"line":56,"column":0},"end":{"line":56,"column":1}},"57":{"start":{"line":58,"column":0},"end":{"line":58,"column":18}}},"s":{"0":1,"1":1,"2":1,"3":1,"4":1,"5":1,"7":9,"8":9,"10":9,"13":9,"14":5,"15":4,"17":3,"18":3,"19":3,"20":4,"22":1,"23":1,"24":1,"25":5,"28":5,"29":9,"31":9,"32":2,"33":2,"34":1,"35":1,"36":1,"37":1,"38":1,"39":1,"40":1,"41":2,"43":9,"44":9,"45":9,"46":9,"48":3,"51":6,"53":9,"55":9,"57":1},"branchMap":{"0":{"type":"branch","line":8,"loc":{"start":{"line":8,"column":0},"end":{"line":56,"column":1}},"locations":[{"start":{"line":8,"column":0},"end":{"line":56,"column":1}}]},"1":{"type":"branch","line":47,"loc":{"start":{"line":47,"column":13},"end":{"line":49,"column":54}},"locations":[{"start":{"line":47,"column":13},"end":{"line":49,"column":54}}]},"2":{"type":"branch","line":49,"loc":{"start":{"line":49,"column":52},"end":{"line":52,"column":53}},"locations":[{"start":{"line":49,"column":52},"end":{"line":52,"column":53}}]},"3":{"type":"branch","line":14,"loc":{"start":{"line":14,"column":14},"end":{"line":30,"column":7}},"locations":[{"start":{"line":14,"column":14},"end":{"line":30,"column":7}}]},"4":{"type":"branch","line":15,"loc":{"start":{"line":15,"column":52},"end":{"line":26,"column":9}},"locations":[{"start":{"line":15,"column":52},"end":{"line":26,"column":9}}]},"5":{"type":"branch","line":16,"loc":{"start":{"line":16,"column":22},"end":{"line":21,"column":19}},"locations":[{"start":{"line":16,"column":22},"end":{"line":21,"column":19}}]},"6":{"type":"branch","line":21,"loc":{"start":{"line":21,"column":12},"end":{"line":25,"column":13}},"locations":[{"start":{"line":21,"column":12},"end":{"line":25,"column":13}}]},"7":{"type":"branch","line":29,"loc":{"start":{"line":29,"column":15},"end":{"line":29,"column":34}},"locations":[{"start":{"line":29,"column":15},"end":{"line":29,"column":34}}]},"8":{"type":"branch","line":32,"loc":{"start":{"line":32,"column":19},"end":{"line":42,"column":5}},"locations":[{"start":{"line":32,"column":19},"end":{"line":42,"column":5}}]},"9":{"type":"branch","line":34,"loc":{"start":{"line":34,"column":30},"end":{"line":41,"column":9}},"locations":[{"start":{"line":34,"column":30},"end":{"line":41,"column":9}}]}},"b":{"0":[9],"1":[3],"2":[6],"3":[5],"4":[4],"5":[3],"6":[1],"7":[5],"8":[2],"9":[1]},"fnMap":{"0":{"name":"App","decl":{"start":{"line":8,"column":0},"end":{"line":56,"column":1}},"loc":{"start":{"line":8,"column":0},"end":{"line":56,"column":1}},"line":8},"1":{"name":"logout","decl":{"start":{"line":32,"column":19},"end":{"line":42,"column":5}},"loc":{"start":{"line":32,"column":19},"end":{"line":42,"column":5}},"line":32}},"f":{"0":9,"1":2}}
,"C:\\Coding\\MistyChat\\src\\componets\\Auth.jsx": {"path":"C:\\Coding\\MistyChat\\src\\componets\\Auth.jsx","all":false,"statementMap":{"0":{"start":{"line":1,"column":0},"end":{"line":1,"column":88}},"1":{"start":{"line":2,"column":0},"end":{"line":2,"column":38}},"2":{"start":{"line":3,"column":0},"end":{"line":3,"column":54}},"3":{"start":{"line":4,"column":0},"end":{"line":4,"column":34}},"4":{"start":{"line":5,"column":0},"end":{"line":5,"column":25}},"6":{"start":{"line":7,"column":0},"end":{"line":7,"column":43}},"7":{"start":{"line":8,"column":0},"end":{"line":8,"column":37}},"8":{"start":{"line":9,"column":0},"end":{"line":9,"column":13}},"10":{"start":{"line":11,"column":0},"end":{"line":11,"column":63}},"12":{"start":{"line":13,"column":0},"end":{"line":13,"column":64}},"14":{"start":{"line":15,"column":0},"end":{"line":15,"column":30}},"15":{"start":{"line":16,"column":0},"end":{"line":16,"column":29}},"16":{"start":{"line":17,"column":0},"end":{"line":17,"column":20}},"17":{"start":{"line":18,"column":0},"end":{"line":18,"column":30}},"18":{"start":{"line":19,"column":0},"end":{"line":19,"column":52}},"19":{"start":{"line":20,"column":0},"end":{"line":20,"column":13}},"20":{"start":{"line":21,"column":0},"end":{"line":21,"column":25}},"21":{"start":{"line":22,"column":0},"end":{"line":22,"column":55}},"22":{"start":{"line":23,"column":0},"end":{"line":23,"column":9}},"23":{"start":{"line":24,"column":0},"end":{"line":24,"column":5}},"25":{"start":{"line":26,"column":0},"end":{"line":26,"column":12}},"26":{"start":{"line":27,"column":0},"end":{"line":27,"column":79}},"27":{"start":{"line":28,"column":0},"end":{"line":28,"column":17}},"28":{"start":{"line":29,"column":0},"end":{"line":29,"column":109}},"30":{"start":{"line":31,"column":0},"end":{"line":31,"column":62}},"31":{"start":{"line":32,"column":0},"end":{"line":32,"column":24}},"32":{"start":{"line":33,"column":0},"end":{"line":33,"column":56}},"33":{"start":{"line":34,"column":0},"end":{"line":34,"column":35}},"34":{"start":{"line":35,"column":0},"end":{"line":35,"column":43}},"35":{"start":{"line":36,"column":0},"end":{"line":36,"column":34}},"36":{"start":{"line":37,"column":0},"end":{"line":37,"column":58}},"38":{"start":{"line":39,"column":0},"end":{"line":39,"column":29}},"39":{"start":{"line":40,"column":0},"end":{"line":40,"column":304}},"40":{"start":{"line":41,"column":0},"end":{"line":41,"column":42}},"41":{"start":{"line":42,"column":0},"end":{"line":42,"column":26}},"42":{"start":{"line":43,"column":0},"end":{"line":43,"column":29}},"43":{"start":{"line":44,"column":0},"end":{"line":44,"column":209}},"44":{"start":{"line":45,"column":0},"end":{"line":45,"column":42}},"45":{"start":{"line":46,"column":0},"end":{"line":46,"column":26}},"46":{"start":{"line":47,"column":0},"end":{"line":47,"column":29}},"47":{"start":{"line":48,"column":0},"end":{"line":48,"column":203}},"48":{"start":{"line":49,"column":0},"end":{"line":49,"column":42}},"49":{"start":{"line":50,"column":0},"end":{"line":50,"column":26}},"50":{"start":{"line":51,"column":0},"end":{"line":51,"column":29}},"51":{"start":{"line":52,"column":0},"end":{"line":52,"column":211}},"52":{"start":{"line":53,"column":0},"end":{"line":53,"column":42}},"53":{"start":{"line":54,"column":0},"end":{"line":54,"column":26}},"54":{"start":{"line":55,"column":0},"end":{"line":55,"column":31}},"56":{"start":{"line":57,"column":0},"end":{"line":57,"column":25}},"57":{"start":{"line":58,"column":0},"end":{"line":58,"column":18}},"58":{"start":{"line":59,"column":0},"end":{"line":59,"column":14}},"60":{"start":{"line":61,"column":0},"end":{"line":61,"column":1}},"62":{"start":{"line":63,"column":0},"end":{"line":63,"column":18}},"63":{"start":{"line":64,"column":0},"end":{"line":64,"column":39}},"64":{"start":{"line":65,"column":0},"end":{"line":65,"column":1}}},"s":{"0":1,"1":1,"2":1,"3":1,"4":1,"6":4,"7":4,"8":3,"10":3,"12":3,"14":3,"15":1,"16":1,"17":1,"18":1,"19":1,"20":3,"21":1,"22":1,"23":3,"25":4,"26":4,"27":4,"28":4,"30":4,"31":4,"32":4,"33":4,"34":4,"35":4,"36":4,"38":4,"39":4,"40":4,"41":4,"42":4,"43":4,"44":4,"45":4,"46":4,"47":4,"48":4,"49":4,"50":4,"51":4,"52":4,"53":4,"54":4,"56":4,"57":4,"58":4,"60":4,"62":1,"63":1,"64":1},"branchMap":{"0":{"type":"branch","line":7,"loc":{"start":{"line":7,"column":0},"end":{"line":61,"column":1}},"locations":[{"start":{"line":7,"column":0},"end":{"line":61,"column":1}}]},"1":{"type":"branch","line":8,"loc":{"start":{"line":8,"column":24},"end":{"line":24,"column":5}},"locations":[{"start":{"line":8,"column":24},"end":{"line":24,"column":5}}]},"2":{"type":"branch","line":13,"loc":{"start":{"line":13,"column":63},"end":{"line":15,"column":29}},"locations":[{"start":{"line":13,"column":63},"end":{"line":15,"column":29}}]},"3":{"type":"branch","line":15,"loc":{"start":{"line":15,"column":29},"end":{"line":20,"column":13}},"locations":[{"start":{"line":15,"column":29},"end":{"line":20,"column":13}}]},"4":{"type":"branch","line":21,"loc":{"start":{"line":21,"column":8},"end":{"line":23,"column":9}},"locations":[{"start":{"line":21,"column":8},"end":{"line":23,"column":9}}]}},"b":{"0":[4],"1":[3],"2":[2],"3":[1],"4":[1]},"fnMap":{"0":{"name":"Auth","decl":{"start":{"line":7,"column":0},"end":{"line":61,"column":1}},"loc":{"start":{"line":7,"column":0},"end":{"line":61,"column":1}},"line":7},"1":{"name":"handleLogin","decl":{"start":{"line":8,"column":24},"end":{"line":24,"column":5}},"loc":{"start":{"line":8,"column":24},"end":{"line":24,"column":5}},"line":8}},"f":{"0":4,"1":3}}
,"C:\\Coding\\MistyChat\\src\\componets\\Chat\\Chat.jsx": {"path":"C:\\Coding\\MistyChat\\src\\componets\\Chat\\Chat.jsx","all":false,"statementMap":{"0":{"start":{"line":1,"column":0},"end":{"line":1,"column":8}},"12":{"start":{"line":13,"column":0},"end":{"line":13,"column":58}},"13":{"start":{"line":14,"column":0},"end":{"line":14,"column":38}},"14":{"start":{"line":15,"column":0},"end":{"line":15,"column":57}},"15":{"start":{"line":16,"column":0},"end":{"line":16,"column":34}},"17":{"start":{"line":18,"column":0},"end":{"line":18,"column":66}},"18":{"start":{"line":19,"column":0},"end":{"line":19,"column":87}},"19":{"start":{"line":20,"column":0},"end":{"line":20,"column":79}},"20":{"start":{"line":21,"column":0},"end":{"line":21,"column":83}},"21":{"start":{"line":22,"column":0},"end":{"line":22,"column":48}},"23":{"start":{"line":24,"column":0},"end":{"line":24,"column":21}},"24":{"start":{"line":25,"column":0},"end":{"line":25,"column":27}},"25":{"start":{"line":26,"column":0},"end":{"line":26,"column":67}},"28":{"start":{"line":29,"column":0},"end":{"line":29,"column":119}},"31":{"start":{"line":32,"column":0},"end":{"line":32,"column":68}},"32":{"start":{"line":33,"column":0},"end":{"line":33,"column":29}},"33":{"start":{"line":34,"column":0},"end":{"line":34,"column":44}},"35":{"start":{"line":36,"column":0},"end":{"line":36,"column":62}},"36":{"start":{"line":37,"column":0},"end":{"line":37,"column":14}},"37":{"start":{"line":38,"column":0},"end":{"line":38,"column":62}},"38":{"start":{"line":39,"column":0},"end":{"line":39,"column":29}},"39":{"start":{"line":40,"column":0},"end":{"line":40,"column":10}},"41":{"start":{"line":42,"column":0},"end":{"line":42,"column":83}},"42":{"start":{"line":43,"column":0},"end":{"line":43,"column":55}},"44":{"start":{"line":45,"column":0},"end":{"line":45,"column":34}},"45":{"start":{"line":46,"column":0},"end":{"line":46,"column":70}},"46":{"start":{"line":47,"column":0},"end":{"line":47,"column":5}},"48":{"start":{"line":49,"column":0},"end":{"line":49,"column":21}},"49":{"start":{"line":50,"column":0},"end":{"line":50,"column":87}},"50":{"start":{"line":51,"column":0},"end":{"line":51,"column":18}},"52":{"start":{"line":53,"column":0},"end":{"line":53,"column":38}},"53":{"start":{"line":54,"column":0},"end":{"line":54,"column":31}},"54":{"start":{"line":55,"column":0},"end":{"line":55,"column":13}},"55":{"start":{"line":56,"column":0},"end":{"line":56,"column":42}},"56":{"start":{"line":57,"column":0},"end":{"line":57,"column":98}},"57":{"start":{"line":58,"column":0},"end":{"line":58,"column":13}},"58":{"start":{"line":59,"column":0},"end":{"line":59,"column":25}},"59":{"start":{"line":60,"column":0},"end":{"line":60,"column":87}},"60":{"start":{"line":61,"column":0},"end":{"line":61,"column":9}},"62":{"start":{"line":63,"column":0},"end":{"line":63,"column":27}},"63":{"start":{"line":64,"column":0},"end":{"line":64,"column":38}},"64":{"start":{"line":65,"column":0},"end":{"line":65,"column":9}},"65":{"start":{"line":66,"column":0},"end":{"line":66,"column":22}},"66":{"start":{"line":67,"column":0},"end":{"line":67,"column":5}},"68":{"start":{"line":69,"column":0},"end":{"line":69,"column":41}},"69":{"start":{"line":70,"column":0},"end":{"line":70,"column":31}},"70":{"start":{"line":71,"column":0},"end":{"line":71,"column":13}},"71":{"start":{"line":72,"column":0},"end":{"line":72,"column":42}},"72":{"start":{"line":73,"column":0},"end":{"line":73,"column":98}},"73":{"start":{"line":74,"column":0},"end":{"line":74,"column":13}},"74":{"start":{"line":75,"column":0},"end":{"line":75,"column":25}},"75":{"start":{"line":76,"column":0},"end":{"line":76,"column":87}},"76":{"start":{"line":77,"column":0},"end":{"line":77,"column":9}},"78":{"start":{"line":79,"column":0},"end":{"line":79,"column":27}},"79":{"start":{"line":80,"column":0},"end":{"line":80,"column":38}},"80":{"start":{"line":81,"column":0},"end":{"line":81,"column":9}},"81":{"start":{"line":82,"column":0},"end":{"line":82,"column":23}},"82":{"start":{"line":83,"column":0},"end":{"line":83,"column":48}},"83":{"start":{"line":84,"column":0},"end":{"line":84,"column":5}},"85":{"start":{"line":86,"column":0},"end":{"line":86,"column":44}},"86":{"start":{"line":87,"column":0},"end":{"line":87,"column":61}},"88":{"start":{"line":89,"column":0},"end":{"line":89,"column":67}},"90":{"start":{"line":91,"column":0},"end":{"line":91,"column":13}},"91":{"start":{"line":92,"column":0},"end":{"line":92,"column":60}},"92":{"start":{"line":93,"column":0},"end":{"line":93,"column":29}},"93":{"start":{"line":94,"column":0},"end":{"line":94,"column":33}},"94":{"start":{"line":95,"column":0},"end":{"line":95,"column":45}},"95":{"start":{"line":96,"column":0},"end":{"line":96,"column":51}},"96":{"start":{"line":97,"column":0},"end":{"line":97,"column":52}},"97":{"start":{"line":98,"column":0},"end":{"line":98,"column":52}},"98":{"start":{"line":99,"column":0},"end":{"line":99,"column":42}},"99":{"start":{"line":100,"column":0},"end":{"line":100,"column":14}},"100":{"start":{"line":101,"column":0},"end":{"line":101,"column":25}},"101":{"start":{"line":102,"column":0},"end":{"line":102,"column":58}},"102":{"start":{"line":103,"column":0},"end":{"line":103,"column":19}},"103":{"start":{"line":104,"column":0},"end":{"line":104,"column":29}},"104":{"start":{"line":105,"column":0},"end":{"line":105,"column":50}},"105":{"start":{"line":106,"column":0},"end":{"line":106,"column":5}},"107":{"start":{"line":108,"column":0},"end":{"line":108,"column":44}},"108":{"start":{"line":109,"column":0},"end":{"line":109,"column":35}},"110":{"start":{"line":111,"column":0},"end":{"line":111,"column":13}},"111":{"start":{"line":112,"column":0},"end":{"line":112,"column":48}},"112":{"start":{"line":113,"column":0},"end":{"line":113,"column":49}},"113":{"start":{"line":114,"column":0},"end":{"line":114,"column":44}},"114":{"start":{"line":115,"column":0},"end":{"line":115,"column":40}},"115":{"start":{"line":116,"column":0},"end":{"line":116,"column":13}},"117":{"start":{"line":118,"column":0},"end":{"line":118,"column":81}},"118":{"start":{"line":119,"column":0},"end":{"line":119,"column":46}},"120":{"start":{"line":121,"column":0},"end":{"line":121,"column":59}},"121":{"start":{"line":122,"column":0},"end":{"line":122,"column":67}},"122":{"start":{"line":123,"column":0},"end":{"line":123,"column":14}},"124":{"start":{"line":125,"column":0},"end":{"line":125,"column":32}},"125":{"start":{"line":126,"column":0},"end":{"line":126,"column":56}},"126":{"start":{"line":127,"column":0},"end":{"line":127,"column":25}},"127":{"start":{"line":128,"column":0},"end":{"line":128,"column":60}},"128":{"start":{"line":129,"column":0},"end":{"line":129,"column":58}},"129":{"start":{"line":130,"column":0},"end":{"line":130,"column":9}},"130":{"start":{"line":131,"column":0},"end":{"line":131,"column":5}},"132":{"start":{"line":133,"column":0},"end":{"line":133,"column":12}},"133":{"start":{"line":134,"column":0},"end":{"line":134,"column":68}},"134":{"start":{"line":135,"column":0},"end":{"line":135,"column":75}},"135":{"start":{"line":136,"column":0},"end":{"line":136,"column":118}},"137":{"start":{"line":138,"column":0},"end":{"line":138,"column":28}},"138":{"start":{"line":139,"column":0},"end":{"line":139,"column":74}},"139":{"start":{"line":140,"column":0},"end":{"line":140,"column":45}},"140":{"start":{"line":141,"column":0},"end":{"line":141,"column":43}},"141":{"start":{"line":142,"column":0},"end":{"line":142,"column":42}},"143":{"start":{"line":144,"column":0},"end":{"line":144,"column":99}},"144":{"start":{"line":145,"column":0},"end":{"line":145,"column":67}},"145":{"start":{"line":146,"column":0},"end":{"line":146,"column":71}},"146":{"start":{"line":147,"column":0},"end":{"line":147,"column":84}},"147":{"start":{"line":148,"column":0},"end":{"line":148,"column":42}},"148":{"start":{"line":149,"column":0},"end":{"line":149,"column":38}},"149":{"start":{"line":150,"column":0},"end":{"line":150,"column":61}},"150":{"start":{"line":151,"column":0},"end":{"line":151,"column":46}},"152":{"start":{"line":153,"column":0},"end":{"line":153,"column":73}},"153":{"start":{"line":154,"column":0},"end":{"line":154,"column":54}},"154":{"start":{"line":155,"column":0},"end":{"line":155,"column":105}},"155":{"start":{"line":156,"column":0},"end":{"line":156,"column":49}},"156":{"start":{"line":157,"column":0},"end":{"line":157,"column":43}},"158":{"start":{"line":159,"column":0},"end":{"line":159,"column":38}},"159":{"start":{"line":160,"column":0},"end":{"line":160,"column":77}},"161":{"start":{"line":162,"column":0},"end":{"line":162,"column":34}},"162":{"start":{"line":163,"column":0},"end":{"line":163,"column":30}},"163":{"start":{"line":164,"column":0},"end":{"line":164,"column":22}},"165":{"start":{"line":166,"column":0},"end":{"line":166,"column":73}},"166":{"start":{"line":167,"column":0},"end":{"line":167,"column":28}},"168":{"start":{"line":169,"column":0},"end":{"line":169,"column":194}},"169":{"start":{"line":170,"column":0},"end":{"line":170,"column":34}},"170":{"start":{"line":171,"column":0},"end":{"line":171,"column":29}},"171":{"start":{"line":172,"column":0},"end":{"line":172,"column":26}},"173":{"start":{"line":174,"column":0},"end":{"line":174,"column":44}},"174":{"start":{"line":175,"column":0},"end":{"line":175,"column":18}},"175":{"start":{"line":176,"column":0},"end":{"line":176,"column":81}},"177":{"start":{"line":178,"column":0},"end":{"line":178,"column":86}},"178":{"start":{"line":179,"column":0},"end":{"line":179,"column":26}},"179":{"start":{"line":180,"column":0},"end":{"line":180,"column":54}},"180":{"start":{"line":181,"column":0},"end":{"line":181,"column":42}},"181":{"start":{"line":182,"column":0},"end":{"line":182,"column":71}},"182":{"start":{"line":183,"column":0},"end":{"line":183,"column":35}},"183":{"start":{"line":184,"column":0},"end":{"line":184,"column":74}},"184":{"start":{"line":185,"column":0},"end":{"line":185,"column":22}},"185":{"start":{"line":186,"column":0},"end":{"line":186,"column":27}},"186":{"start":{"line":187,"column":0},"end":{"line":187,"column":37}},"187":{"start":{"line":188,"column":0},"end":{"line":188,"column":111}},"189":{"start":{"line":190,"column":0},"end":{"line":190,"column":119}},"190":{"start":{"line":191,"column":0},"end":{"line":191,"column":33}},"191":{"start":{"line":192,"column":0},"end":{"line":192,"column":120}},"192":{"start":{"line":193,"column":0},"end":{"line":193,"column":46}},"193":{"start":{"line":194,"column":0},"end":{"line":194,"column":47}},"194":{"start":{"line":195,"column":0},"end":{"line":195,"column":53}},"195":{"start":{"line":196,"column":0},"end":{"line":196,"column":54}},"196":{"start":{"line":197,"column":0},"end":{"line":197,"column":30}},"197":{"start":{"line":198,"column":0},"end":{"line":198,"column":30}},"198":{"start":{"line":199,"column":0},"end":{"line":199,"column":29}},"199":{"start":{"line":200,"column":0},"end":{"line":200,"column":23}},"200":{"start":{"line":201,"column":0},"end":{"line":201,"column":23}},"201":{"start":{"line":202,"column":0},"end":{"line":202,"column":105}},"202":{"start":{"line":203,"column":0},"end":{"line":203,"column":42}},"203":{"start":{"line":204,"column":0},"end":{"line":204,"column":17}},"205":{"start":{"line":206,"column":0},"end":{"line":206,"column":115}},"206":{"start":{"line":207,"column":0},"end":{"line":207,"column":105}},"207":{"start":{"line":208,"column":0},"end":{"line":208,"column":179}},"208":{"start":{"line":209,"column":0},"end":{"line":209,"column":48}},"209":{"start":{"line":210,"column":0},"end":{"line":210,"column":28}},"210":{"start":{"line":211,"column":0},"end":{"line":211,"column":26}},"211":{"start":{"line":212,"column":0},"end":{"line":212,"column":25}},"212":{"start":{"line":213,"column":0},"end":{"line":213,"column":23}},"213":{"start":{"line":214,"column":0},"end":{"line":214,"column":109}},"214":{"start":{"line":215,"column":0},"end":{"line":215,"column":45}},"215":{"start":{"line":216,"column":0},"end":{"line":216,"column":17}},"217":{"start":{"line":218,"column":0},"end":{"line":218,"column":115}},"218":{"start":{"line":219,"column":0},"end":{"line":219,"column":105}},"219":{"start":{"line":220,"column":0},"end":{"line":220,"column":48}},"220":{"start":{"line":221,"column":0},"end":{"line":221,"column":50}},"221":{"start":{"line":222,"column":0},"end":{"line":222,"column":106}},"222":{"start":{"line":223,"column":0},"end":{"line":223,"column":28}},"223":{"start":{"line":224,"column":0},"end":{"line":224,"column":26}},"224":{"start":{"line":225,"column":0},"end":{"line":225,"column":25}},"225":{"start":{"line":226,"column":0},"end":{"line":226,"column":18}},"226":{"start":{"line":227,"column":0},"end":{"line":227,"column":14}},"228":{"start":{"line":229,"column":0},"end":{"line":229,"column":1}},"230":{"start":{"line":231,"column":0},"end":{"line":231,"column":18}},"231":{"start":{"line":232,"column":0},"end":{"line":232,"column":29}},"232":{"start":{"line":233,"column":0},"end":{"line":233,"column":26}},"233":{"start":{"line":234,"column":0},"end":{"line":234,"column":38}},"234":{"start":{"line":235,"column":0},"end":{"line":235,"column":41}},"235":{"start":{"line":236,"column":0},"end":{"line":236,"column":1}}},"s":{"0":1,"12":1,"13":1,"14":1,"15":1,"17":16,"18":16,"19":16,"20":16,"21":16,"23":16,"24":9,"25":9,"28":9,"31":9,"32":3,"33":3,"35":2,"36":3,"37":3,"38":3,"39":9,"41":9,"42":16,"44":16,"45":12,"46":12,"48":16,"49":12,"50":16,"52":16,"53":4,"54":4,"55":4,"56":4,"57":4,"58":4,"59":1,"60":1,"62":4,"63":3,"64":3,"65":4,"66":4,"68":16,"69":2,"70":2,"71":2,"72":2,"73":2,"74":2,"75":0,"76":0,"78":2,"79":1,"80":1,"81":2,"82":2,"83":2,"85":16,"86":3,"88":3,"90":2,"91":2,"92":2,"93":2,"94":2,"95":2,"96":2,"97":2,"98":2,"99":2,"100":1,"101":1,"102":3,"103":2,"104":2,"105":3,"107":16,"108":4,"110":4,"111":4,"112":4,"113":4,"114":4,"115":4,"117":4,"118":3,"120":3,"121":3,"122":3,"124":3,"125":3,"126":4,"127":1,"128":1,"129":1,"130":4,"132":16,"133":16,"134":16,"135":16,"137":16,"138":9,"139":7,"140":1,"141":2,"143":2,"144":2,"145":2,"146":2,"147":2,"148":2,"149":2,"150":2,"152":2,"153":2,"154":1,"155":1,"156":2,"158":2,"159":2,"161":2,"162":2,"163":1,"165":6,"166":6,"168":6,"169":6,"170":6,"171":6,"173":16,"174":16,"175":16,"177":16,"178":16,"179":16,"180":16,"181":16,"182":16,"183":16,"184":16,"185":16,"186":16,"187":16,"189":16,"190":16,"191":16,"192":16,"193":16,"194":16,"195":16,"196":16,"197":16,"198":16,"199":16,"200":16,"201":16,"202":16,"203":16,"205":16,"206":16,"207":16,"208":16,"209":16,"210":16,"211":16,"212":16,"213":16,"214":16,"215":16,"217":16,"218":16,"219":16,"220":16,"221":16,"222":16,"223":16,"224":16,"225":16,"226":16,"228":16,"230":1,"231":1,"232":1,"233":1,"234":1,"235":1},"branchMap":{"0":{"type":"branch","line":18,"loc":{"start":{"line":18,"column":0},"end":{"line":229,"column":1}},"locations":[{"start":{"line":18,"column":0},"end":{"line":229,"column":1}}]},"1":{"type":"branch","line":138,"loc":{"start":{"line":138,"column":17},"end":{"line":139,"column":74}},"locations":[{"start":{"line":138,"column":17},"end":{"line":139,"column":74}}]},"2":{"type":"branch","line":139,"loc":{"start":{"line":139,"column":68},"end":{"line":172,"column":26}},"locations":[{"start":{"line":139,"column":68},"end":{"line":172,"column":26}}]},"3":{"type":"branch","line":140,"loc":{"start":{"line":140,"column":40},"end":{"line":164,"column":22}},"locations":[{"start":{"line":140,"column":40},"end":{"line":164,"column":22}}]},"4":{"type":"branch","line":164,"loc":{"start":{"line":164,"column":21},"end":{"line":172,"column":26}},"locations":[{"start":{"line":164,"column":21},"end":{"line":172,"column":26}}]},"5":{"type":"branch","line":24,"loc":{"start":{"line":24,"column":14},"end":{"line":43,"column":7}},"locations":[{"start":{"line":24,"column":14},"end":{"line":43,"column":7}}]},"6":{"type":"branch","line":25,"loc":{"start":{"line":25,"column":21},"end":{"line":25,"column":27}},"locations":[{"start":{"line":25,"column":21},"end":{"line":25,"column":27}}]},"7":{"type":"branch","line":32,"loc":{"start":{"line":32,"column":49},"end":{"line":40,"column":9}},"locations":[{"start":{"line":32,"column":49},"end":{"line":40,"column":9}}]},"8":{"type":"branch","line":34,"loc":{"start":{"line":34,"column":33},"end":{"line":37,"column":13}},"locations":[{"start":{"line":34,"column":33},"end":{"line":37,"column":13}}]},"9":{"type":"branch","line":42,"loc":{"start":{"line":42,"column":15},"end":{"line":42,"column":83}},"locations":[{"start":{"line":42,"column":15},"end":{"line":42,"column":83}}]},"10":{"type":"branch","line":45,"loc":{"start":{"line":45,"column":27},"end":{"line":47,"column":5}},"locations":[{"start":{"line":45,"column":27},"end":{"line":47,"column":5}}]},"11":{"type":"branch","line":49,"loc":{"start":{"line":49,"column":14},"end":{"line":51,"column":7}},"locations":[{"start":{"line":49,"column":14},"end":{"line":51,"column":7}}]},"12":{"type":"branch","line":53,"loc":{"start":{"line":53,"column":25},"end":{"line":67,"column":5}},"locations":[{"start":{"line":53,"column":25},"end":{"line":67,"column":5}}]},"13":{"type":"branch","line":59,"loc":{"start":{"line":59,"column":8},"end":{"line":61,"column":9}},"locations":[{"start":{"line":59,"column":8},"end":{"line":61,"column":9}}]},"14":{"type":"branch","line":63,"loc":{"start":{"line":63,"column":26},"end":{"line":65,"column":9}},"locations":[{"start":{"line":63,"column":26},"end":{"line":65,"column":9}}]},"15":{"type":"branch","line":69,"loc":{"start":{"line":69,"column":28},"end":{"line":84,"column":5}},"locations":[{"start":{"line":69,"column":28},"end":{"line":84,"column":5}}]},"16":{"type":"branch","line":75,"loc":{"start":{"line":75,"column":8},"end":{"line":77,"column":9}},"locations":[{"start":{"line":75,"column":8},"end":{"line":77,"column":9}}]},"17":{"type":"branch","line":79,"loc":{"start":{"line":79,"column":26},"end":{"line":81,"column":9}},"locations":[{"start":{"line":79,"column":26},"end":{"line":81,"column":9}}]},"18":{"type":"branch","line":86,"loc":{"start":{"line":86,"column":30},"end":{"line":106,"column":5}},"locations":[{"start":{"line":86,"column":30},"end":{"line":106,"column":5}}]},"19":{"type":"branch","line":89,"loc":{"start":{"line":89,"column":31},"end":{"line":89,"column":67}},"locations":[{"start":{"line":89,"column":31},"end":{"line":89,"column":67}}]},"20":{"type":"branch","line":89,"loc":{"start":{"line":89,"column":31},"end":{"line":100,"column":14}},"locations":[{"start":{"line":89,"column":31},"end":{"line":100,"column":14}}]},"21":{"type":"branch","line":100,"loc":{"start":{"line":100,"column":13},"end":{"line":103,"column":10}},"locations":[{"start":{"line":100,"column":13},"end":{"line":103,"column":10}}]},"22":{"type":"branch","line":103,"loc":{"start":{"line":103,"column":8},"end":{"line":105,"column":50}},"locations":[{"start":{"line":103,"column":8},"end":{"line":105,"column":50}}]},"23":{"type":"branch","line":108,"loc":{"start":{"line":108,"column":31},"end":{"line":131,"column":5}},"locations":[{"start":{"line":108,"column":31},"end":{"line":131,"column":5}}]},"24":{"type":"branch","line":109,"loc":{"start":{"line":109,"column":29},"end":{"line":109,"column":35}},"locations":[{"start":{"line":109,"column":29},"end":{"line":109,"column":35}}]},"25":{"type":"branch","line":118,"loc":{"start":{"line":118,"column":80},"end":{"line":127,"column":17}},"locations":[{"start":{"line":118,"column":80},"end":{"line":127,"column":17}}]},"26":{"type":"branch","line":127,"loc":{"start":{"line":127,"column":8},"end":{"line":130,"column":9}},"locations":[{"start":{"line":127,"column":8},"end":{"line":130,"column":9}}]},"27":{"type":"branch","line":121,"loc":{"start":{"line":121,"column":45},"end":{"line":123,"column":13}},"locations":[{"start":{"line":121,"column":45},"end":{"line":123,"column":13}}]},"28":{"type":"branch","line":141,"loc":{"start":{"line":141,"column":33},"end":{"line":163,"column":30}},"locations":[{"start":{"line":141,"column":33},"end":{"line":163,"column":30}}]},"29":{"type":"branch","line":144,"loc":{"start":{"line":144,"column":56},"end":{"line":144,"column":80}},"locations":[{"start":{"line":144,"column":56},"end":{"line":144,"column":80}}]},"30":{"type":"branch","line":144,"loc":{"start":{"line":144,"column":62},"end":{"line":144,"column":99}},"locations":[{"start":{"line":144,"column":62},"end":{"line":144,"column":99}}]},"31":{"type":"branch","line":154,"loc":{"start":{"line":154,"column":45},"end":{"line":155,"column":105}},"locations":[{"start":{"line":154,"column":45},"end":{"line":155,"column":105}}]},"32":{"type":"branch","line":155,"loc":{"start":{"line":155,"column":104},"end":{"line":156,"column":49}},"locations":[{"start":{"line":155,"column":104},"end":{"line":156,"column":49}}]},"33":{"type":"branch","line":182,"loc":{"start":{"line":182,"column":34},"end":{"line":182,"column":71}},"locations":[{"start":{"line":182,"column":34},"end":{"line":182,"column":71}}]}},"b":{"0":[16],"1":[9],"2":[7],"3":[1],"4":[6],"5":[9],"6":[0],"7":[3],"8":[2],"9":[9],"10":[12],"11":[12],"12":[4],"13":[1],"14":[3],"15":[2],"16":[0],"17":[1],"18":[3],"19":[1],"20":[2],"21":[1],"22":[2],"23":[4],"24":[0],"25":[3],"26":[1],"27":[3],"28":[2],"29":[1],"30":[1],"31":[1],"32":[1],"33":[2]},"fnMap":{"0":{"name":"Chat","decl":{"start":{"line":18,"column":0},"end":{"line":229,"column":1}},"loc":{"start":{"line":18,"column":0},"end":{"line":229,"column":1}},"line":18},"1":{"name":"scrollToBottom","decl":{"start":{"line":45,"column":27},"end":{"line":47,"column":5}},"loc":{"start":{"line":45,"column":27},"end":{"line":47,"column":5}},"line":45},"2":{"name":"handleLogout","decl":{"start":{"line":53,"column":25},"end":{"line":67,"column":5}},"loc":{"start":{"line":53,"column":25},"end":{"line":67,"column":5}},"line":53},"3":{"name":"joinAnotherRoom","decl":{"start":{"line":69,"column":28},"end":{"line":84,"column":5}},"loc":{"start":{"line":69,"column":28},"end":{"line":84,"column":5}},"line":69},"4":{"name":"handleSendMessage","decl":{"start":{"line":86,"column":30},"end":{"line":106,"column":5}},"loc":{"start":{"line":86,"column":30},"end":{"line":106,"column":5}},"line":86},"5":{"name":"deleteUserMessages","decl":{"start":{"line":108,"column":31},"end":{"line":131,"column":5}},"loc":{"start":{"line":108,"column":31},"end":{"line":131,"column":5}},"line":108},"6":{"name":"onChange","decl":{"start":{"line":182,"column":34},"end":{"line":182,"column":71}},"loc":{"start":{"line":182,"column":34},"end":{"line":182,"column":71}},"line":182}},"f":{"0":16,"1":12,"2":4,"3":2,"4":3,"5":4,"6":2}}
,"C:\\Coding\\MistyChat\\src\\componets\\Chat\\Join.jsx": {"path":"C:\\Coding\\MistyChat\\src\\componets\\Chat\\Join.jsx","all":false,"statementMap":{"0":{"start":{"line":1,"column":0},"end":{"line":1,"column":37}},"1":{"start":{"line":2,"column":0},"end":{"line":2,"column":47}},"2":{"start":{"line":3,"column":0},"end":{"line":3,"column":34}},"4":{"start":{"line":5,"column":0},"end":{"line":5,"column":53}},"5":{"start":{"line":6,"column":0},"end":{"line":6,"column":34}},"7":{"start":{"line":8,"column":0},"end":{"line":8,"column":33}},"8":{"start":{"line":9,"column":0},"end":{"line":9,"column":42}},"9":{"start":{"line":10,"column":0},"end":{"line":10,"column":5}},"10":{"start":{"line":11,"column":0},"end":{"line":11,"column":45}},"11":{"start":{"line":12,"column":0},"end":{"line":12,"column":40}},"12":{"start":{"line":13,"column":0},"end":{"line":13,"column":12}},"13":{"start":{"line":14,"column":0},"end":{"line":14,"column":114}},"14":{"start":{"line":15,"column":0},"end":{"line":15,"column":30}},"15":{"start":{"line":16,"column":0},"end":{"line":16,"column":59}},"16":{"start":{"line":17,"column":0},"end":{"line":17,"column":54}},"17":{"start":{"line":18,"column":0},"end":{"line":18,"column":22}},"18":{"start":{"line":19,"column":0},"end":{"line":19,"column":35}},"19":{"start":{"line":20,"column":0},"end":{"line":20,"column":51}},"20":{"start":{"line":21,"column":0},"end":{"line":21,"column":73}},"21":{"start":{"line":22,"column":0},"end":{"line":22,"column":31}},"22":{"start":{"line":23,"column":0},"end":{"line":23,"column":23}},"23":{"start":{"line":24,"column":0},"end":{"line":24,"column":22}},"24":{"start":{"line":25,"column":0},"end":{"line":25,"column":77}},"25":{"start":{"line":26,"column":0},"end":{"line":26,"column":107}},"26":{"start":{"line":27,"column":0},"end":{"line":27,"column":119}},"27":{"start":{"line":28,"column":0},"end":{"line":28,"column":109}},"28":{"start":{"line":29,"column":0},"end":{"line":29,"column":183}},"29":{"start":{"line":30,"column":0},"end":{"line":30,"column":52}},"30":{"start":{"line":31,"column":0},"end":{"line":31,"column":32}},"31":{"start":{"line":32,"column":0},"end":{"line":32,"column":35}},"33":{"start":{"line":34,"column":0},"end":{"line":34,"column":29}},"35":{"start":{"line":36,"column":0},"end":{"line":36,"column":118}},"36":{"start":{"line":37,"column":0},"end":{"line":37,"column":38}},"37":{"start":{"line":38,"column":0},"end":{"line":38,"column":119}},"38":{"start":{"line":39,"column":0},"end":{"line":39,"column":109}},"39":{"start":{"line":40,"column":0},"end":{"line":40,"column":52}},"40":{"start":{"line":41,"column":0},"end":{"line":41,"column":54}},"41":{"start":{"line":42,"column":0},"end":{"line":42,"column":110}},"42":{"start":{"line":43,"column":0},"end":{"line":43,"column":32}},"43":{"start":{"line":44,"column":0},"end":{"line":44,"column":30}},"44":{"start":{"line":45,"column":0},"end":{"line":45,"column":29}},"45":{"start":{"line":46,"column":0},"end":{"line":46,"column":22}},"46":{"start":{"line":47,"column":0},"end":{"line":47,"column":18}},"47":{"start":{"line":48,"column":0},"end":{"line":48,"column":14}},"49":{"start":{"line":50,"column":0},"end":{"line":50,"column":1}},"51":{"start":{"line":52,"column":0},"end":{"line":52,"column":18}},"52":{"start":{"line":53,"column":0},"end":{"line":53,"column":41}},"53":{"start":{"line":54,"column":0},"end":{"line":54,"column":38}},"54":{"start":{"line":55,"column":0},"end":{"line":55,"column":1}}},"s":{"0":1,"1":1,"2":1,"4":3,"5":3,"7":3,"8":1,"9":1,"10":3,"11":3,"12":3,"13":3,"14":3,"15":3,"16":3,"17":3,"18":3,"19":3,"20":3,"21":3,"22":3,"23":3,"24":3,"25":3,"26":3,"27":3,"28":3,"29":3,"30":3,"31":3,"33":3,"35":3,"36":3,"37":3,"38":3,"39":3,"40":3,"41":3,"42":3,"43":3,"44":3,"45":3,"46":3,"47":3,"49":3,"51":1,"52":1,"53":1,"54":1},"branchMap":{"0":{"type":"branch","line":5,"loc":{"start":{"line":5,"column":0},"end":{"line":50,"column":1}},"locations":[{"start":{"line":5,"column":0},"end":{"line":50,"column":1}}]},"1":{"type":"branch","line":8,"loc":{"start":{"line":8,"column":26},"end":{"line":10,"column":5}},"locations":[{"start":{"line":8,"column":26},"end":{"line":10,"column":5}}]}},"b":{"0":[3],"1":[1]},"fnMap":{"0":{"name":"Join","decl":{"start":{"line":5,"column":0},"end":{"line":50,"column":1}},"loc":{"start":{"line":5,"column":0},"end":{"line":50,"column":1}},"line":5},"1":{"name":"handleRoomBtn","decl":{"start":{"line":8,"column":26},"end":{"line":10,"column":5}},"loc":{"start":{"line":8,"column":26},"end":{"line":10,"column":5}},"line":8}},"f":{"0":3,"1":1}}
,"C:\\Coding\\MistyChat\\src\\componets\\JoinRoom\\JoinRoom.jsx": {"path":"C:\\Coding\\MistyChat\\src\\componets\\JoinRoom\\JoinRoom.jsx","all":false,"statementMap":{"0":{"start":{"line":1,"column":0},"end":{"line":1,"column":39}},"1":{"start":{"line":2,"column":0},"end":{"line":2,"column":31}},"2":{"start":{"line":3,"column":0},"end":{"line":3,"column":31}},"3":{"start":{"line":4,"column":0},"end":{"line":4,"column":34}},"5":{"start":{"line":6,"column":0},"end":{"line":6,"column":51}},"6":{"start":{"line":7,"column":0},"end":{"line":7,"column":46}},"7":{"start":{"line":8,"column":0},"end":{"line":8,"column":12}},"8":{"start":{"line":9,"column":0},"end":{"line":9,"column":13}},"9":{"start":{"line":10,"column":0},"end":{"line":10,"column":23}},"10":{"start":{"line":11,"column":0},"end":{"line":11,"column":93}},"12":{"start":{"line":13,"column":0},"end":{"line":13,"column":67}},"14":{"start":{"line":15,"column":0},"end":{"line":15,"column":14}},"16":{"start":{"line":17,"column":0},"end":{"line":17,"column":1}},"18":{"start":{"line":19,"column":0},"end":{"line":19,"column":22}},"19":{"start":{"line":20,"column":0},"end":{"line":20,"column":38}},"20":{"start":{"line":21,"column":0},"end":{"line":21,"column":26}},"21":{"start":{"line":22,"column":0},"end":{"line":22,"column":1}}},"s":{"0":1,"1":1,"2":1,"3":1,"5":3,"6":3,"7":3,"8":3,"9":3,"10":1,"12":2,"14":3,"16":3,"18":1,"19":1,"20":1,"21":1},"branchMap":{"0":{"type":"branch","line":6,"loc":{"start":{"line":6,"column":0},"end":{"line":17,"column":1}},"locations":[{"start":{"line":6,"column":0},"end":{"line":17,"column":1}}]},"1":{"type":"branch","line":10,"loc":{"start":{"line":10,"column":13},"end":{"line":11,"column":93}},"locations":[{"start":{"line":10,"column":13},"end":{"line":11,"column":93}}]},"2":{"type":"branch","line":11,"loc":{"start":{"line":11,"column":86},"end":{"line":13,"column":67}},"locations":[{"start":{"line":11,"column":86},"end":{"line":13,"column":67}}]}},"b":{"0":[3],"1":[1],"2":[2]},"fnMap":{"0":{"name":"JoinRoom","decl":{"start":{"line":6,"column":0},"end":{"line":17,"column":1}},"loc":{"start":{"line":6,"column":0},"end":{"line":17,"column":1}},"line":6}},"f":{"0":3}}
}
